替换 1: ★室内自主游戏
替换 2: 加点能量
替换 3: 早操律动
替换 4: 制作
替换 5: 户外体育游戏
替换 6: ★户外自主游戏
替换 7: 生活活动
替换 8: 生活活动
替换 9: 餐前活动
替换 10: 餐后活动
替换 11: ★室内自主游戏
替换 12: 加点能量
替换 13: 早操律动
替换 14: 制作
替换 15: 户外体育游戏
替换 16: ★户外自主游戏
替换 17: 生活活动
替换 18: 生活活动
替换 19: 餐前活动
替换 20: 餐后活动
替换 21: ★室内自主游戏
替换 22: 加点能量
替换 23: 早操律动
替换 24: 主题活动
替换 25: ★户外体育游戏
替换 26: 户外自主游戏
替换 27: 生活活动
替换 28: 生活活动
替换 29: 餐前活动
替换 30: 餐后活动
替换 31: ★起床
替换 32: 加点能量
替换 33: 户外体育游戏
替换 34: ★户外自主游戏
替换 35: 生活活动
替换 36: 抱抱离园
替换 37: ★室内自主游戏
替换 38: 加点能量
替换 39: 早操律动
替换 40: 主题活动
替换 41: 户外体育游戏
替换 42: ★户外自主游戏
替换 43: 生活活动
替换 44: 生活活动
替换 45: 餐前活动
替换 46: 餐后活动
替换 47: 起床
替换 48: ★加点能量
替换 49: 户外体育游戏
替换 50: ★户外自主游戏
替换 51: 生活活动
替换 52: 抱抱离园
替换 53: ★室内自主游戏
替换 54: 加点能量
替换 55: 早操律动
替换 56: 主题活动
替换 57: 户外体育游戏
替换 58: ★户外自主游戏
替换 59: 生活活动
替换 60: 生活活动
替换 61: 餐前活动
替换 62: 餐后活动
替换 63: ★起床
替换 64: 加点能量
替换 65: 户外体育游戏
替换 66: ★户外自主游戏
替换 67: 生活活动
替换 68: 抱抱离园
替换 69: ★室内自主游戏
替换 70: 加点能量
替换 71: 早操律动
替换 72: 主题活动
替换 73: 户外体育游戏
替换 74: ★户外自主游戏
替换 75: 生活活动
替换 76: 生活活动
替换 77: 餐前活动
替换 78: 餐后活动
AI生成失败: 'content'
替换 79: 起床
替换 80: ★加点能量
替换 81: 户外体育游戏
替换 82: ★户外自主游戏
替换 83: 生活活动
替换 84: 抱抱离园
替换 85: ★室内自主游戏
替换 86: 加点能量
替换 87: 早操律动
替换 88: 主题活动
替换 89: 户外体育游戏
替换 90: ★户外自主游戏
AI生成失败: 'content'
替换 91: 生活活动
替换 92: 生活活动
替换 93: 餐前活动
替换 94: 餐后活动
替换 95: 起床
AI生成失败: 'content'
替换 96: ★加点能量
AI生成失败: 'content'
替换 97: 户外体育游戏
AI生成失败: 'content'
替换 98: ★户外自主游戏
替换 99: 生活活动
AI生成失败: 'content'
替换 100: 抱抱离园
替换 101: ★室内自主游戏
替换 102: 加点能量
AI生成失败: 'content'
替换 103: 早操律动
替换 104: 主题活动
AI生成失败: 'content'
替换 105: 户外体育游戏
替换 106: ★户外自主游戏
替换 107: 生活活动
替换 108: 生活活动
替换 109: 餐前活动
替换 110: 餐后活动
替换 111: ★起床
替换 112: 加点能量
替换 113: 户外体育游戏
替换 114: ★户外自主游戏
替换 115: 生活活动
替换 116: 抱抱离园
替换 117: ★室内自主游戏
替换 118: 加点能量
替换 119: 早操律动
替换 120: 主题活动
AI生成失败: 'content'
替换 121: 户外体育游戏
替换 122: ★户外自主游戏
替换 123: 生活活动
AI生成失败: 'content'
替换 124: 生活活动
AI生成失败: 'content'
替换 125: 餐前活动
替换 126: 餐后活动
替换 127: 起床
AI生成失败: 'content'
替换 128: ★加点能量
AI生成失败: 'content'
替换 129: 户外体育游戏
AI生成失败: 'content'
替换 130: ★户外自主游戏
AI生成失败: 'content'
替换 131: 生活活动
替换 132: 抱抱离园
替换 133: ★室内自主游戏
替换 134: 加点能量
替换 135: 早操律动
AI生成失败: 'content'
替换 136: 主题活动
AI生成失败: 'content'
替换 137: 户外体育游戏
AI生成失败: 'content'
替换 138: ★户外自主游戏
AI生成失败: 'content'
替换 139: 生活活动
AI生成失败: 'content'
替换 140: 生活活动
替换 141: 餐前活动
AI生成失败: 'content'
替换 142: 餐后活动
替换 143: 起床
替换 144: ★加点能量
AI生成失败: 'content'
替换 145: 户外体育游戏
替换 146: ★户外自主游戏
替换 147: 生活活动
替换 148: 抱抱离园
替换 149: ★室内自主游戏
替换 150: 加点能量
替换 151: 早操律动
AI生成失败: 'content'
替换 152: 主题活动
AI生成失败: 'content'
替换 153: 户外体育游戏
替换 154: ★户外自主游戏
替换 155: 生活活动
AI生成失败: 'content'
替换 156: 生活活动
替换 157: 餐前活动
AI生成失败: 'content'
替换 158: 餐后活动
替换 159: 起床
替换 160: ★加点能量
AI生成失败: HTTPConnectionPool(host='127.0.0.1', port=8899): Max retries exceeded with url: http://154.193.243.154:8080/v1/chat/completions (Caused by ProxyError('Unable to connect to proxy', RemoteDisconnected('Remote end closed connection without response')))
替换 161: 户外体育游戏
AI生成失败: HTTPConnectionPool(host='127.0.0.1', port=8899): Max retries exceeded with url: http://154.193.243.154:8080/v1/chat/completions (Caused by ProxyError('Unable to connect to proxy', RemoteDisconnected('Remote end closed connection without response')))
替换 162: ★户外自主游戏
AI生成失败: 'content'
替换 163: 生活活动
AI生成失败: 'content'
替换 164: 抱抱离园
替换 165: ★室内自主游戏
AI生成失败: 'content'
替换 166: 加点能量
替换 167: 早操律动
AI生成失败: 'content'
替换 168: 主题活动
AI生成失败: 'content'
替换 169: 户外体育游戏
替换 170: ★户外自主游戏
替换 171: 生活活动
替换 172: 生活活动
AI生成失败: 'content'
替换 173: 餐前活动
替换 174: 餐后活动
替换 175: 室内自主游戏
替换 176: 加点能量
替换 177: 早操律动
替换 178: 主题活动
替换 179: 户外体育游戏
替换 180: ★户外自主游戏
替换 181: 生活活动
AI生成失败: HTTPConnectionPool(host='127.0.0.1', port=8899): Max retries exceeded with url: http://154.193.243.154:8080/v1/chat/completions (Caused by ProxyError('Unable to connect to proxy', RemoteDisconnected('Remote end closed connection without response')))
替换 182: 生活活动
替换 183: 餐前活动
替换 184: ★餐后活动
替换 185: 起床
替换 186: ★加点能量
替换 187: 户外体育游戏
替换 188: ★户外自主游戏
替换 189: 生活活动
替换 190: 抱抱离园
替换 191: 室内自主游戏
替换 192: 加点能量
替换 193: 早操律动
替换 194: 主题活动
替换 195: 户外体育游戏
替换 196: ★户外自主游戏
AI生成失败: 'content'
替换 197: 生活活动
AI生成失败: 'content'
替换 198: 生活活动
替换 199: 餐前活动
AI生成失败: 'content'
替换 200: 餐后活动
替换 201: 室内自主游戏
替换 202: 加点能量
替换 203: 早操律动
替换 204: 主题活动
替换 205: 户外体育游戏
替换 206: ★户外自主游戏
替换 207: 生活活动
替换 208: ★生活活动
替换 209: 餐前活动
替换 210: 餐后活动
替换 211: 起床
替换 212: ★加点能量
替换 213: 户外体育游戏
AI生成失败: 'content'
替换 214: ★户外自主游戏
替换 215: 生活活动
AI生成失败: 'content'
替换 216: 抱抱离园
替换 217: 室内自主游戏
替换 218: ★加点能量
替换 219: 早操律动
替换 220: 主题活动
替换 221: 户外体育游戏
AI生成失败: 'content'
替换 222: ★户外自主游戏
替换 223: 生活活动
替换 224: 生活活动
替换 225: 餐前活动
替换 226: 餐后活动
替换 227: 起床
替换 228: ★加点能量
替换 229: 户外体育游戏
替换 230: ★户外自主游戏
替换 231: 生活活动
替换 232: 抱抱离园
AI生成失败: 'content'
替换 233: 室内自主游戏
替换 234: 加点能量
AI生成失败: 'content'
替换 235: 早操律动
替换 236: 主题活动
替换 237: 户外体育游戏
替换 238: ★户外自主游戏
替换 239: 生活活动
替换 240: 生活活动
替换 241: 餐前活动
替换 242: 餐后活动
替换 243: 起床
替换 244: ★加点能量
替换 245: 户外体育游戏
替换 246: ★户外自主游戏
替换 247: 生活活动
替换 248: 抱抱离园
替换 249: 室内自主游戏
替换 250: 加点能量
替换 251: 早操律动
替换 252: 主题活动
替换 253: 户外体育游戏
替换 254: ★户外自主游戏
替换 255: 生活活动
替换 256: 生活活动
替换 257: 餐前活动
替换 258: 餐后活动
替换 259: 起床
替换 260: ★加点能量
替换 261: 户外体育游戏
替换 262: ★户外自主游戏
替换 263: 生活活动
替换 264: 抱抱离园
替换 265: 室内自主游戏
替换 266: 加点能量
替换 267: 早操律动
替换 268: 主题活动
替换 269: 户外体育游戏
替换 270: ★户外自主游戏
替换 271: 生活活动
替换 272: 生活活动
替换 273: ★餐前活动
替换 274: 餐后活动
替换 275: 起床
替换 276: ★加点能量
替换 277: 户外体育游戏
替换 278: ★户外自主游戏
替换 279: 生活活动
替换 280: 抱抱离园
替换 281: 室内自主游戏
替换 282: 加点能量
替换 283: 早操律动
替换 284: 主题活动
替换 285: 户外体育游戏
替换 286: ★户外自主游戏
替换 287: ★生活活动
替换 288: 生活活动
替换 289: 餐前活动
替换 290: 餐后活动
替换 291: 起床
替换 292: ★加点能量
替换 293: 户外体育游戏
替换 294: ★户外自主游戏
替换 295: 生活活动
替换 296: 抱抱离园
替换 297: 室内自主游戏
替换 298: 加点能量
替换 299: 早操律动
替换 300: 主题活动
替换 301: 户外体育游戏
替换 302: ★户外自主游戏
替换 303: 生活活动
替换 304: 生活活动
替换 305: 餐前活动
替换 306: ★午餐
替换 307: 起床
替换 308: ★加点能量
替换 309: 户外体育游戏
替换 310: ★户外自主游戏
替换 311: 生活活动
替换 312: 抱抱离园
替换 313: 室内自主游戏
替换 314: 加点能量
替换 315: 早操律动
替换 316: 主题活动
替换 317: 户外体育游戏
替换 318: ★户外自主游戏
替换 319: 生活活动
替换 320: 生活活动
替换 321: ★餐前活动
替换 322: 午餐
替换 323: 起床
替换 324: ★加点能量
替换 325: 户外体育游戏
替换 326: ★户外自主游戏
替换 327: 生活活动
替换 328: 抱抱离园
替换 329: 室内自主游戏
替换 330: 加点能量
替换 331: 早操律动
替换 332: 主题活动
替换 333: 户外体育游戏
替换 334: ★户外自主游戏
替换 335: 生活活动
替换 336: ★生活活动
替换 337: 餐前活动
替换 338: 午餐
替换 339: 起床
替换 340: ★加点能量
替换 341: 户外体育游戏
替换 342: ★户外自主游戏
替换 343: 生活活动
替换 344: 抱抱离园
替换 345: 室内自主游戏
替换 346: 加点能量
替换 347: 早操律动
替换 348: 主题活动
替换 349: 户外体育游戏
替换 350: ★户外自主游戏
替换 351: 生活活动
替换 352: ★生活活动
替换 353: 餐前活动
替换 354: 午餐
替换 355: 起床
替换 356: ★加点能量
替换 357: 户外体育游戏
替换 358: ★户外自主游戏
替换 359: 生活活动
替换 360: 抱抱离园
替换 361: 室内自主游戏
替换 362: 加点能量
替换 363: 早操律动
替换 364: ★主题活动
替换 365: 户外体育游戏
替换 366: ★户外自主游戏
替换 367: 生活活动
替换 368: 生活活动
替换 369: 餐前活动
替换 370: 午餐
替换 371: ★起床
替换 372: 加点能量
替换 373: 户外体育游戏
替换 374: ★户外自主游戏
替换 375: 生活活动
替换 376: 抱抱离园
替换 377: ★室内自主游戏
替换 378: 加点能量
替换 379: 早操律动
替换 380: 主题活动
替换 381: 户外体育游戏
替换 382: ★户外自主游戏
替换 383: 生活活动
替换 384: ★生活活动
替换 385: 餐前活动
替换 386: 午餐
替换 387: 起床
替换 388: 加点能量
替换 389: 户外体育游戏
替换 390: ★户外自主游戏
替换 391: ★生活活动
替换 392: 抱抱离园
替换 393: 户外自主游戏
替换 394: 室内自主游戏
替换 395: 加点能量
替换 396: 早操律动
替换 397: 主题活动
替换 398: 户外体育游戏
替换 399: ★户外自主游戏
替换 400: 生活活动
替换 401: 生活活动
替换 402: 餐前活动
替换 403: ★午餐
替换 404: 起床
替换 405: 加点能量
替换 406: 户外体育游戏
替换 407: ★户外自主游戏
替换 408: ★生活活动
替换 409: 抱抱离园
替换 410: 室内自主游戏
替换 411: 加点能量
替换 412: 早操律动
替换 413: 主题活动
替换 414: 户外体育游戏
替换 415: ★户外自主游戏
替换 416: 生活活动
替换 417: 生活活动
替换 418: 餐前活动
替换 419: ★午餐
替换 420: 起床
替换 421: 加点能量
替换 422: 户外体育游戏
替换 423: ★户外自主游戏
替换 424: ★生活活动
替换 425: 抱抱离园
替换 426: ★室内自主游戏
替换 427: 加点能量
替换 428: 早操律动
替换 429: 主题活动
替换 430: 户外体育游戏
替换 431: ★户外自主游戏
替换 432: 生活活动
替换 433: 生活活动
替换 434: 餐前活动
替换 435: 午餐
替换 436: 起床
替换 437: 加点能量
替换 438: 户外体育游戏
替换 439: ★户外自主游戏
替换 440: ★生活活动
替换 441: 抱抱离园
替换 442: 室内自主游戏
替换 443: 加点能量
替换 444: 早操律动
替换 445: 主题活动
替换 446: 户外体育游戏
替换 447: ★户外自主游戏
替换 448: 生活活动
替换 449: 生活活动
替换 450: 餐前活动
替换 451: ★午餐
替换 452: 起床
替换 453: 加点能量
替换 454: 户外体育游戏
替换 455: ★户外自主游戏
替换 456: ★生活活动
替换 457: 抱抱离园
替换 458: 室内自主游戏
替换 459: 加点能量
AI生成失败: HTTPConnectionPool(host='127.0.0.1', port=8899): Max retries exceeded with url: http://154.193.243.154:8080/v1/chat/completions (Caused by ProxyError('Unable to connect to proxy', RemoteDisconnected('Remote end closed connection without response')))
替换 460: 早操律动
替换 461: 主题活动
替换 462: 户外体育游戏
替换 463: ★户外自主游戏
替换 464: 生活活动
替换 465: 生活活动
替换 466: 餐前活动
替换 467: ★午餐
替换 468: ★起床
替换 469: 加点能量
替换 470: 户外体育游戏
替换 471: ★户外自主游戏
替换 472: 生活活动
替换 473: 抱抱离园
替换 474: 室内自主游戏
替换 475: 加点能量
替换 476: 早操律动
替换 477: 主题活动
替换 478: 户外体育游戏
替换 479: ★户外自主游戏
替换 480: 生活活动
替换 481: 生活活动
替换 482: 餐前活动
替换 483: ★午餐
替换 484: 起床
替换 485: ★加点能量
替换 486: 户外体育游戏
替换 487: ★户外自主游戏
替换 488: 生活活动
替换 489: 抱抱离园
替换 490: 室内自主游戏
替换 491: ★加点能量
替换 492: 早操律动
替换 493: 主题活动
替换 494: 户外体育游戏
替换 495: ★户外自主游戏
替换 496: 生活活动
替换 497: 生活活动
替换 498: 餐前活动
替换 499: 午餐
替换 500: ★起床
替换 501: 加点能量
替换 502: 户外体育游戏
替换 503: ★户外自主游戏
替换 504: 生活活动
替换 505: 抱抱离园
替换 506: 室内自主游戏
替换 507: 加点能量
替换 508: 早操律动
替换 509: 主题活动
替换 510: 户外体育游戏
替换 511: ★户外自主游戏
替换 512: 生活活动
替换 513: 生活活动
替换 514: 餐前活动
替换 515: ★午餐
替换 516: ★起床
替换 517: 加点能量
替换 518: 户外体育游戏
替换 519: ★户外自主游戏
替换 520: 生活活动
替换 521: 抱抱离园
替换 522: 室内自主游戏
替换 523: 加点能量
替换 524: 早操律动
替换 525: 主题活动
替换 526: 户外体育游戏
替换 527: ★户外自主游戏
替换 528: 生活活动
替换 529: ★生活活动
替换 530: 餐前活动
替换 531: 午餐
替换 532: ★起床
替换 533: 加点能量
替换 534: 户外体育游戏
替换 535: ★户外自主游戏
替换 536: 生活活动
替换 537: 抱抱离园
替换 538: 室内自主游戏
替换 539: 加点能量
替换 540: 早操律动
替换 541: 主题活动
替换 542: 户外体育游戏
替换 543: ★户外自主游戏
替换 544: 生活活动
替换 545: 生活活动
替换 546: 餐前活动
替换 547: ★午餐
替换 548: 起床
替换 549: ★加点能量
替换 550: 户外体育游戏
替换 551: ★户外自主游戏
替换 552: 生活活动
替换 553: 抱抱离园
替换 554: 制作
替换 555: ★室内自主游戏
替换 556: 加点能量
替换 557: 早操律动
替换 558: 主题活动
替换 559: 户外体育游戏
替换 560: ★户外自主游戏
替换 561: 生活活动
替换 562: 生活活动
替换 563: 餐前活动
替换 564: 午餐
替换 565: 起床
替换 566: 加点能量
替换 567: 户外体育游戏
替换 568: ★户外自主游戏
替换 569: ★生活活动
替换 570: 抱抱离园
替换 571: 室内自主游戏
替换 572: 加点能量
替换 573: 早操律动
替换 574: 主题活动
替换 575: 户外体育游戏
替换 576: ★户外自主游戏
替换 577: 生活活动
替换 578: 生活活动
替换 579: 餐前活动
替换 580: ★午餐
替换 581: 起床
替换 582: 加点能量
替换 583: 户外体育游戏
替换 584: ★户外自主游戏
替换 585: 生活活动
替换 586: ★抱抱离园
替换 587: 室内自主游戏
替换 588: 加点能量
替换 589: 早操律动
替换 590: 主题活动
替换 591: 户外体育游戏
替换 592: ★户外自主游戏
替换 593: 生活活动
替换 594: 生活活动
替换 595: 餐前活动
替换 596: ★午餐
替换 597: 起床
替换 598: 加点能量
替换 599: 户外体育游戏
替换 600: ★户外自主游戏
替换 601: ★生活活动
替换 602: 抱抱离园
替换 603: 室内自主游戏
替换 604: 加点能量
替换 605: 早操律动
替换 606: 主题活动
替换 607: 户外体育游戏
替换 608: 制作
替换 609: 生活活动
替换 610: 生活活动
替换 611: 餐前活动
替换 612: 午餐
替换 613: 起床
替换 614: 加点能量
替换 615: 户外体育游戏
替换 616: ★户外自主游戏
替换 617: ★生活活动
替换 618: 抱抱离园
替换 619: 室内自主游戏
替换 620: 加点能量
替换 621: 早操律动
替换 622: 主题活动
替换 623: 户外体育游戏
替换 624: ★户外自主游戏
替换 625: 生活活动
替换 626: ★生活活动
替换 627: 餐前活动
替换 628: 午餐
替换 629: 起床
替换 630: 加点能量
替换 631: 户外体育游戏
替换 632: ★户外自主游戏
替换 633: ★生活活动
替换 634: 抱抱离园
替换 635: 室内自主游戏
替换 636: 加点能量
替换 637: 早操律动
替换 638: ★主题活动
替换 639: 户外体育游戏
替换 640: ★户外自主游戏
替换 641: 生活活动
替换 642: 生活活动
替换 643: 餐前活动
替换 644: 午餐
替换 645: ★起床
替换 646: 加点能量
替换 647: 户外体育游戏
替换 648: ★户外自主游戏
替换 649: 生活活动
替换 650: 抱抱离园
替换 651: 室内自主游戏
替换 652: 加点能量
替换 653: 早操律动
替换 654: 主题活动
替换 655: 户外体育游戏
替换 656: ★户外自主游戏
替换 657: 生活活动
替换 658: 生活活动
替换 659: 餐前活动
替换 660: ★午餐
替换 661: 起床
替换 662: ★加点能量
替换 663: 户外体育游戏
替换 664: ★户外自主游戏
替换 665: 生活活动
替换 666: 抱抱离园
替换 667: 室内自主游戏
替换 668: ★加点能量
替换 669: 早操律动
替换 670: 主题活动
替换 671: 户外体育游戏
替换 672: 制作
替换 673: 生活活动
替换 674: 生活活动
替换 675: 餐前活动
替换 676: 午餐
替换 677: 制作
替换 678: 室内自主游戏
替换 679: 加点能量
替换 680: 早操律动
替换 681: ★主题活动
替换 682: 户外体育游戏
替换 683: ★户外自主游戏
替换 684: 生活活动
替换 685: 生活活动
替换 686: 餐前活动
替换 687: 午餐
替换 688: 起床
替换 689: 加点能量
替换 690: 户外体育游戏
替换 691: ★户外自主游戏
替换 692: ★生活活动
替换 693: 抱抱离园
替换 694: ★室内自主游戏
替换 695: 加点能量
替换 696: 早操律动
替换 697: 制作
替换 698: 户外体育游戏
替换 699: ★户外自主游戏
替换 700: 生活活动
替换 701: 生活活动
替换 702: 餐前活动
替换 703: 午餐
替换 704: 起床
替换 705: ★加点能量
替换 706: 户外体育游戏
替换 707: ★户外自主游戏
替换 708: 生活活动
替换 709: 抱抱离园
替换 710: 室内自主游戏
替换 711: ★加点能量
替换 712: 早操律动
替换 713: 主题活动
替换 714: 户外体育游戏
替换 715: ★户外自主游戏
替换 716: 生活活动
替换 717: 生活活动
替换 718: 餐前活动
替换 719: 午餐
替换 720: 起床
替换 721: 加点能量
替换 722: 户外体育游戏
替换 723: ★户外自主游戏
替换 724: 生活活动
替换 725: ★抱抱离园
替换 726: 室内自主游戏
替换 727: 加点能量
替换 728: 早操律动
替换 729: 主题活动
替换 730: 户外体育游戏
替换 731: ★户外自主游戏
替换 732: ★生活活动
替换 733: 生活活动
替换 734: 餐前活动
替换 735: 午餐
替换 736: 起床
替换 737: 加点能量
替换 738: 户外体育游戏
替换 739: ★户外自主游戏
替换 740: 生活活动
替换 741: ★抱抱离园
替换 742: 室内自主游戏
替换 743: 加点能量
替换 744: 早操律动
替换 745: ★主题活动
替换 746: 户外体育游戏
替换 747: ★户外自主游戏
替换 748: 生活活动
替换 749: 生活活动
替换 750: 餐前活动
替换 751: 午餐
替换 752: ★起床
替换 753: 加点能量
替换 754: 户外体育游戏
替换 755: ★户外自主游戏
替换 756: 生活活动
替换 757: 抱抱离园
替换 758: 室内自主游戏
替换 759: 加点能量
替换 760: 早操律动
替换 761: 主题活动
替换 762: 户外体育游戏
替换 763: ★户外自主游戏
替换 764: 生活活动
替换 765: 生活活动
替换 766: 餐前活动
替换 767: ★午餐
替换 768: ★起床
替换 769: 加点能量
替换 770: ★户外体育游戏
替换 771: 户外自主游戏
替换 772: 生活活动
替换 773: ★室内自主游戏
替换 774: 加点能量
替换 775: 早操律动
替换 776: 主题活动
替换 777: 户外体育游戏
替换 778: ★户外自主游戏
替换 779: 生活活动
替换 780: 生活活动
替换 781: 餐前活动
替换 782: 午餐
替换 783: ★起床
替换 784: 加点能量
替换 785: 户外体育游戏
替换 786: ★户外自主游戏
替换 787: 生活活动
替换 788: 抱抱离园
替换 789: 室内自主游戏
替换 790: 加点能量
替换 791: 早操律动
替换 792: 主题活动
替换 793: 户外体育游戏
替换 794: ★户外自主游戏
替换 795: 生活活动
替换 796: 生活活动
替换 797: 餐前活动
替换 798: ★午餐

✅ 替换完成！
替换: 798 个活动
跳过: 0 个活动
输出文件: 保教日志_替换后.docx
